2020-07-27 17:50:56 +0000  Initial pipeline context: <IDEDistributionProcessingPipelineContext: 0x7f84d725ba60; archive(resolved)='<IDEArchive: 0x7f84d7463220>', distributionTask(resolved)='2', distributionDestination(resolved)='1', distributionMethod(resolved)='<IDEDistributionMethodDevelopmentSignedMac: 0x7f84d707e800>', team(resolved)='<IDEProvisioningDisambiguatableBasicTeam: 0x7f84c38c46b0; teamID='2E2EMRJ7QY', teamName='Banco de Credito e Inversiones', teamType='Company', username='federico.mazzini@externos.bci.cl', isFreeProvisioningTeam='0'>'>
	Chain (11, self inclusive):
	<IDEDistributionProcessingPipelineContext: 0x7f84d725ba60; archive = '<IDEArchive: 0x7f84d7463220>', distributionMethod='<IDEDistributionMethodDevelopmentSignedMac: 0x7f84d707e800>', team='<IDEProvisioningDisambiguatableBasicTeam: 0x7f84c38c46b0; teamID='2E2EMRJ7QY', teamName='Banco de Credito e Inversiones', teamType='Company', username='federico.mazzini@externos.bci.cl', isFreeProvisioningTeam='0'>'>
	<IDEDistributionProcessingPipelineContext: 0x7f84ddfa3910; archive = '<IDEArchive: 0x7f84d7463220>', distributionMethod='<IDEDistributionMethodDevelopmentSignedMac: 0x7f84d707e800>', team='<IDEProvisioningDisambiguatableBasicTeam: 0x7f84c38c46b0; teamID='2E2EMRJ7QY', teamName='Banco de Credito e Inversiones', teamType='Company', username='federico.mazzini@externos.bci.cl', isFreeProvisioningTeam='0'>'>
	<IDEDistributionContext: 0x7f84d7b0ad50; archive = '<IDEArchive: 0x7f84d7463220>', distributionMethod='<IDEDistributionMethodDevelopmentSignedMac: 0x7f84d707e800>', team='<IDEProvisioningDisambiguatableBasicTeam: 0x7f84c38c46b0; teamID='2E2EMRJ7QY', teamName='Banco de Credito e Inversiones', teamType='Company', username='federico.mazzini@externos.bci.cl', isFreeProvisioningTeam='0'>'>
	<IDEDistributionContext: 0x7f84e111d330; archive = '<IDEArchive: 0x7f84d7463220>', distributionMethod='<IDEDistributionMethodDevelopmentSignedMac: 0x7f84d707e800>', team='<IDEProvisioningDisambiguatableBasicTeam: 0x7f84c38c46b0; teamID='2E2EMRJ7QY', teamName='Banco de Credito e Inversiones', teamType='Company', username='federico.mazzini@externos.bci.cl', isFreeProvisioningTeam='0'>'>
	<IDEDistributionContext: 0x7f84e0418f80; archive = '<IDEArchive: 0x7f84d7463220>', distributionMethod='<IDEDistributionMethodDevelopmentSignedMac: 0x7f84d707e800>', team='<IDEProvisioningDisambiguatableBasicTeam: 0x7f84c38c46b0; teamID='2E2EMRJ7QY', teamName='Banco de Credito e Inversiones', teamType='Company', username='federico.mazzini@externos.bci.cl', isFreeProvisioningTeam='0'>'>
	<IDEDistributionContext: 0x7f84d7be81f0; archive = '<IDEArchive: 0x7f84d7463220>', distributionMethod='<IDEDistributionMethodDevelopmentSignedMac: 0x7f84d707e800>', team='<IDEProvisioningDisambiguatableBasicTeam: 0x7f84c38c46b0; teamID='2E2EMRJ7QY', teamName='Banco de Credito e Inversiones', teamType='Company', username='federico.mazzini@externos.bci.cl', isFreeProvisioningTeam='0'>'>
	<IDEDistributionContext: 0x7f84d72efcd0; archive = '<IDEArchive: 0x7f84d7463220>', distributionMethod='<IDEDistributionMethodDevelopmentSignedMac: 0x7f84d707e800>', team='<IDEProvisioningDisambiguatableBasicTeam: 0x7f84c38c46b0; teamID='2E2EMRJ7QY', teamName='Banco de Credito e Inversiones', teamType='Company', username='federico.mazzini@externos.bci.cl', isFreeProvisioningTeam='0'>'>
	<IDEDistributionContext: 0x7f84e077bcb0; archive = '<IDEArchive: 0x7f84d7463220>', distributionMethod='<IDEDistributionMethodDevelopmentSignedMac: 0x7f84d707e800>', team='<IDEProvisioningDisambiguatableBasicTeam: 0x7f84c38c46b0; teamID='2E2EMRJ7QY', teamName='Banco de Credito e Inversiones', teamType='Company', username='federico.mazzini@externos.bci.cl', isFreeProvisioningTeam='0'>'>
	<IDEDistributionContext: 0x7f84e07e0f20; archive = '<IDEArchive: 0x7f84d7463220>', distributionMethod='<IDEDistributionMethodDevelopmentSignedMac: 0x7f84d707e800>', team='(null)'>
	<IDEDistributionContext: 0x7f84d724ac40; archive = '<IDEArchive: 0x7f84d7463220>', distributionMethod='<IDEDistributionMethodDevelopmentSignedMac: 0x7f84d707e800>', team='(null)'>
	<IDEDistributionContext: 0x7f84eba37160; archive = '<IDEArchive: 0x7f84d7463220>', distributionMethod='(null)', team='(null)'>
</IDEDistributionProcessingPipelineContext: 0x7f84d725ba60>
2020-07-27 17:50:56 +0000  Processing step: IDEDistributionCreateDestRootStep
2020-07-27 17:50:56 +0000  Processing step: IDEDistributionCopyItemStep
2020-07-27 17:50:56 +0000  Running /usr/bin/ditto '-V' '/Users/jorgeacosta/Library/Developer/Xcode/Archives/2020-07-27/Codify 27-07-20 13.49.xcarchive/Products/Applications/Codify.app' '/var/folders/cd/hglx61cx75n6ff1bdbjd90qr0000gn/T/XcodeDistPipeline.~~~NkYzJ8/Root/Applications/Codify.app'
2020-07-27 17:50:56 +0000  >>> Copying /Users/jorgeacosta/Library/Developer/Xcode/Archives/2020-07-27/Codify 27-07-20 13.49.xcarchive/Products/Applications/Codify.app 
2020-07-27 17:50:56 +0000  copying file ./Contents/_CodeSignature/CodeResources ... 
2020-07-27 17:50:56 +0000  57486 bytes for ./Contents/_CodeSignature/CodeResources
2020-07-27 17:50:56 +0000  copying file ./Contents/MacOS/Codify ... 
2020-07-27 17:50:56 +0000  3678352 bytes for ./Contents/MacOS/Codify
2020-07-27 17:50:56 +0000  copying file ./Contents/Resources/AppIcon.icns ... 
2020-07-27 17:50:56 +0000  45269 bytes for ./Contents/Resources/AppIcon.icns
2020-07-27 17:50:56 +0000  copying file ./Contents/Resources/Base.lproj/LaunchScreen.nib ... 
2020-07-27 17:50:56 +0000  3203 bytes for ./Contents/Resources/Base.lproj/LaunchScreen.nib
2020-07-27 17:50:56 +0000  copying file ./Contents/Resources/Main.storyboardc/OZ5-GW-QCq-view-llU-nH-N0f.nib ... 
2020-07-27 17:50:56 +0000  7214 bytes for ./Contents/Resources/Main.storyboardc/OZ5-GW-QCq-view-llU-nH-N0f.nib
2020-07-27 17:50:56 +0000  copying file ./Contents/Resources/Main.storyboardc/new_project.nib ... 
2020-07-27 17:50:56 +0000  1011 bytes for ./Contents/Resources/Main.storyboardc/new_project.nib
copying file ./Contents/Resources/Main.storyboardc/Info.plist ... 
2020-07-27 17:50:56 +0000  191 bytes for ./Contents/Resources/Main.storyboardc/Info.plist
2020-07-27 17:50:56 +0000  copying file ./Contents/Resources/Assets.car ... 
2020-07-27 17:50:56 +0000  1518559 bytes for ./Contents/Resources/Assets.car
copying file ./Contents/Resources/main.jsbundle ... 
2020-07-27 17:50:56 +0000  1356084 bytes for ./Contents/Resources/main.jsbundle
2020-07-27 17:50:56 +0000  copying file ./Contents/Resources/assets/app/assets/rocket.json ... 
2020-07-27 17:50:56 +0000  7865 bytes for ./Contents/Resources/assets/app/assets/rocket.json
copying file ./Contents/Resources/assets/app/assets/ic_stop@2x.png ... 
2020-07-27 17:50:56 +0000  1014 bytes for ./Contents/Resources/assets/app/assets/ic_stop@2x.png
copying file ./Contents/Resources/assets/app/assets/ic_frame.png ... 
2020-07-27 17:50:56 +0000  680 bytes for ./Contents/Resources/assets/app/assets/ic_frame.png
2020-07-27 17:50:56 +0000  copying file ./Contents/Resources/assets/app/assets/ic_postman@3x.png ... 
2020-07-27 17:50:56 +0000  1876 bytes for ./Contents/Resources/assets/app/assets/ic_postman@3x.png
2020-07-27 17:50:56 +0000  copying file ./Contents/Resources/assets/app/assets/ic_corners.png ... 
2020-07-27 17:50:56 +0000  508 bytes for ./Contents/Resources/assets/app/assets/ic_corners.png
2020-07-27 17:50:56 +0000  copying file ./Contents/Resources/assets/app/assets/ic_expand_arrow_down.png ... 
2020-07-27 17:50:56 +0000  373 bytes for ./Contents/Resources/assets/app/assets/ic_expand_arrow_down.png
copying file ./Contents/Resources/assets/app/assets/ic_xib_file@3x.png ... 
2020-07-27 17:50:56 +0000  9947 bytes for ./Contents/Resources/assets/app/assets/ic_xib_file@3x.png
2020-07-27 17:50:56 +0000  copying file ./Contents/Resources/assets/app/assets/ic_api_get@2x.png ... 
2020-07-27 17:50:56 +0000  1024 bytes for ./Contents/Resources/assets/app/assets/ic_api_get@2x.png
copying file ./Contents/Resources/assets/app/assets/iPhone_SE_2_gen@2x.png ... 
2020-07-27 17:50:56 +0000  2815 bytes for ./Contents/Resources/assets/app/assets/iPhone_SE_2_gen@2x.png
2020-07-27 17:50:56 +0000  copying file ./Contents/Resources/assets/app/assets/ic_phone_size@3x.png ... 
2020-07-27 17:50:56 +0000  2510 bytes for ./Contents/Resources/assets/app/assets/ic_phone_size@3x.png
2020-07-27 17:50:56 +0000  copying file ./Contents/Resources/assets/app/assets/ic_borderradius@3x.png ... 
2020-07-27 17:50:56 +0000  1988 bytes for ./Contents/Resources/assets/app/assets/ic_borderradius@3x.png
2020-07-27 17:50:56 +0000  copying file ./Contents/Resources/assets/app/assets/ic_empty_plugins.png ... 
2020-07-27 17:50:56 +0000  10628 bytes for ./Contents/Resources/assets/app/assets/ic_empty_plugins.png
2020-07-27 17:50:56 +0000  copying file ./Contents/Resources/assets/app/assets/ic_api_delete@3x.png ... 
2020-07-27 17:50:56 +0000  1538 bytes for ./Contents/Resources/assets/app/assets/ic_api_delete@3x.png
2020-07-27 17:50:56 +0000  copying file ./Contents/Resources/assets/app/assets/ic_unlock@2x.png ... 
2020-07-27 17:50:56 +0000  1099 bytes for ./Contents/Resources/assets/app/assets/ic_unlock@2x.png
2020-07-27 17:50:56 +0000  copying file ./Contents/Resources/assets/app/assets/ic_time@2x.png ... 
2020-07-27 17:50:56 +0000  1679 bytes for ./Contents/Resources/assets/app/assets/ic_time@2x.png
2020-07-27 17:50:56 +0000  copying file ./Contents/Resources/assets/app/assets/ic_api_put.png ... 
2020-07-27 17:50:56 +0000  571 bytes for ./Contents/Resources/assets/app/assets/ic_api_put.png
2020-07-27 17:50:56 +0000  copying file ./Contents/Resources/assets/app/assets/check_off@2x.png ... 
2020-07-27 17:50:56 +0000  891 bytes for ./Contents/Resources/assets/app/assets/check_off@2x.png
2020-07-27 17:50:56 +0000  copying file ./Contents/Resources/assets/app/assets/ic_design@2x.png ... 
2020-07-27 17:50:56 +0000  7274 bytes for ./Contents/Resources/assets/app/assets/ic_design@2x.png
2020-07-27 17:50:56 +0000  copying file ./Contents/Resources/assets/app/assets/iPhone_11_pro_max@3x.png ... 
2020-07-27 17:50:56 +0000  7040 bytes for ./Contents/Resources/assets/app/assets/iPhone_11_pro_max@3x.png
2020-07-27 17:50:56 +0000  copying file ./Contents/Resources/assets/app/assets/ic_unlock.png ... 
2020-07-27 17:50:56 +0000  590 bytes for ./Contents/Resources/assets/app/assets/ic_unlock.png
2020-07-27 17:50:56 +0000  copying file ./Contents/Resources/assets/app/assets/ic_xml_file@2x.png ... 
2020-07-27 17:50:56 +0000  4340 bytes for ./Contents/Resources/assets/app/assets/ic_xml_file@2x.png
2020-07-27 17:50:56 +0000  copying file ./Contents/Resources/assets/app/assets/ic_plugin@3x.png ... 
2020-07-27 17:50:56 +0000  1600 bytes for ./Contents/Resources/assets/app/assets/ic_plugin@3x.png
2020-07-27 17:50:56 +0000  copying file ./Contents/Resources/assets/app/assets/iPhone_4s.png ... 
2020-07-27 17:50:56 +0000  934 bytes for ./Contents/Resources/assets/app/assets/iPhone_4s.png
2020-07-27 17:50:56 +0000  copying file ./Contents/Resources/assets/app/assets/ic_plugin@2x.png ... 
2020-07-27 17:50:56 +0000  1102 bytes for ./Contents/Resources/assets/app/assets/ic_plugin@2x.png
copying file ./Contents/Resources/assets/app/assets/ic_xml_file@3x.png ... 
2020-07-27 17:50:56 +0000  7571 bytes for ./Contents/Resources/assets/app/assets/ic_xml_file@3x.png
2020-07-27 17:50:56 +0000  copying file ./Contents/Resources/assets/app/assets/ic_design@3x.png ... 
2020-07-27 17:50:56 +0000  10997 bytes for ./Contents/Resources/assets/app/assets/ic_design@3x.png
2020-07-27 17:50:56 +0000  copying file ./Contents/Resources/assets/app/assets/iPhone_11_pro_max@2x.png ... 
2020-07-27 17:50:56 +0000  3625 bytes for ./Contents/Resources/assets/app/assets/iPhone_11_pro_max@2x.png
2020-07-27 17:50:56 +0000  copying file ./Contents/Resources/assets/app/assets/check_off@3x.png ... 
2020-07-27 17:50:56 +0000  1483 bytes for ./Contents/Resources/assets/app/assets/check_off@3x.png
2020-07-27 17:50:56 +0000  copying file ./Contents/Resources/assets/app/assets/ic_unlock@3x.png ... 
2020-07-27 17:50:56 +0000  1613 bytes for ./Contents/Resources/assets/app/assets/ic_unlock@3x.png
2020-07-27 17:50:56 +0000  copying file ./Contents/Resources/assets/app/assets/ic_time@3x.png ... 
2020-07-27 17:50:56 +0000  2663 bytes for ./Contents/Resources/assets/app/assets/ic_time@3x.png
2020-07-27 17:50:56 +0000  copying file ./Contents/Resources/assets/app/assets/ic_api_delete@2x.png ... 
2020-07-27 17:50:56 +0000  1155 bytes for ./Contents/Resources/assets/app/assets/ic_api_delete@2x.png
2020-07-27 17:50:56 +0000  copying file ./Contents/Resources/assets/app/assets/ic_opacity.png ... 
2020-07-27 17:50:56 +0000  710 bytes for ./Contents/Resources/assets/app/assets/ic_opacity.png
2020-07-27 17:50:56 +0000  copying file ./Contents/Resources/assets/app/assets/ic_borderradius@2x.png ... 
2020-07-27 17:50:56 +0000  1329 bytes for ./Contents/Resources/assets/app/assets/ic_borderradius@2x.png
2020-07-27 17:50:56 +0000  copying file ./Contents/Resources/assets/app/assets/ic_phone_size@2x.png ... 
2020-07-27 17:50:56 +0000  1707 bytes for ./Contents/Resources/assets/app/assets/ic_phone_size@2x.png
2020-07-27 17:50:56 +0000  copying file ./Contents/Resources/assets/app/assets/ic_image.png ... 
2020-07-27 17:50:56 +0000  480 bytes for ./Contents/Resources/assets/app/assets/ic_image.png
2020-07-27 17:50:56 +0000  copying file ./Contents/Resources/assets/app/assets/check_on_disabled.png ... 
2020-07-27 17:50:56 +0000  960 bytes for ./Contents/Resources/assets/app/assets/check_on_disabled.png
2020-07-27 17:50:56 +0000  copying file ./Contents/Resources/assets/app/assets/ic_xib_file@2x.png ... 
2020-07-27 17:50:56 +0000  5598 bytes for ./Contents/Resources/assets/app/assets/ic_xib_file@2x.png
2020-07-27 17:50:56 +0000  copying file ./Contents/Resources/assets/app/assets/ic_api_get@3x.png ... 
2020-07-27 17:50:56 +0000  1510 bytes for ./Contents/Resources/assets/app/assets/ic_api_get@3x.png
2020-07-27 17:50:56 +0000  copying file ./Contents/Resources/assets/app/assets/iPhone_SE_2_gen@3x.png ... 
2020-07-27 17:50:56 +0000  4444 bytes for ./Contents/Resources/assets/app/assets/iPhone_SE_2_gen@3x.png
2020-07-27 17:50:56 +0000  copying file ./Contents/Resources/assets/app/assets/ic_postman@2x.png ... 
2020-07-27 17:50:56 +0000  1233 bytes for ./Contents/Resources/assets/app/assets/ic_postman@2x.png
2020-07-27 17:50:56 +0000  copying file ./Contents/Resources/assets/app/assets/ic_stop@3x.png ... 
2020-07-27 17:50:56 +0000  1677 bytes for ./Contents/Resources/assets/app/assets/ic_stop@3x.png
2020-07-27 17:50:56 +0000  copying file ./Contents/Resources/assets/app/assets/slider_track.png ... 
2020-07-27 17:50:56 +0000  800 bytes for ./Contents/Resources/assets/app/assets/slider_track.png
2020-07-27 17:50:56 +0000  copying file ./Contents/Resources/assets/app/assets/iPhone_11_pro@3x.png ... 
2020-07-27 17:50:56 +0000  6465 bytes for ./Contents/Resources/assets/app/assets/iPhone_11_pro@3x.png
2020-07-27 17:50:56 +0000  copying file ./Contents/Resources/assets/app/assets/ic_pos_y@2x.png ... 
2020-07-27 17:50:56 +0000  576 bytes for ./Contents/Resources/assets/app/assets/ic_pos_y@2x.png
2020-07-27 17:50:56 +0000  copying file ./Contents/Resources/assets/app/assets/ic_api_get.png ... 
2020-07-27 17:50:56 +0000  565 bytes for ./Contents/Resources/assets/app/assets/ic_api_get.png
2020-07-27 17:50:56 +0000  copying file ./Contents/Resources/assets/app/assets/ic_package@2x.png ... 
2020-07-27 17:50:56 +0000  1757 bytes for ./Contents/Resources/assets/app/assets/ic_package@2x.png
2020-07-27 17:50:56 +0000  copying file ./Contents/Resources/assets/app/assets/ic_empty_file.png ... 
2020-07-27 17:50:56 +0000  838 bytes for ./Contents/Resources/assets/app/assets/ic_empty_file.png
2020-07-27 17:50:56 +0000  copying file ./Contents/Resources/assets/app/assets/ic_warning@3x.png ... 
2020-07-27 17:50:56 +0000  2822 bytes for ./Contents/Resources/assets/app/assets/ic_warning@3x.png
2020-07-27 17:50:56 +0000  copying file ./Contents/Resources/assets/app/assets/ic_api_post@3x.png ... 
2020-07-27 17:50:56 +0000  2097 bytes for ./Contents/Resources/assets/app/assets/ic_api_post@3x.png
2020-07-27 17:50:56 +0000  copying file ./Contents/Resources/assets/app/assets/ic_plus_document@3x.png ... 
2020-07-27 17:50:56 +0000  940 bytes for ./Contents/Resources/assets/app/assets/ic_plus_document@3x.png
2020-07-27 17:50:56 +0000  copying file ./Contents/Resources/assets/app/assets/ic_delete@3x.png ... 
2020-07-27 17:50:56 +0000  3076 bytes for ./Contents/Resources/assets/app/assets/ic_delete@3x.png
2020-07-27 17:50:56 +0000  copying file ./Contents/Resources/assets/app/assets/ic_code.png ... 
2020-07-27 17:50:56 +0000  803 bytes for ./Contents/Resources/assets/app/assets/ic_code.png
2020-07-27 17:50:56 +0000  copying file ./Contents/Resources/assets/app/assets/ic_api_path@2x.png ... 
2020-07-27 17:50:56 +0000  988 bytes for ./Contents/Resources/assets/app/assets/ic_api_path@2x.png
2020-07-27 17:50:56 +0000  copying file ./Contents/Resources/assets/app/assets/ic_stop.png ... 
2020-07-27 17:50:56 +0000  471 bytes for ./Contents/Resources/assets/app/assets/ic_stop.png
2020-07-27 17:50:56 +0000  copying file ./Contents/Resources/assets/app/assets/ic_object.png ... 
2020-07-27 17:50:56 +0000  753 bytes for ./Contents/Resources/assets/app/assets/ic_object.png
2020-07-27 17:50:56 +0000  copying file ./Contents/Resources/assets/app/assets/ic_background@3x.png ... 
2020-07-27 17:50:56 +0000  6484 bytes for ./Contents/Resources/assets/app/assets/ic_background@3x.png
2020-07-27 17:50:56 +0000  copying file ./Contents/Resources/assets/app/assets/ic_folder.png ... 
2020-07-27 17:50:56 +0000  449 bytes for ./Contents/Resources/assets/app/assets/ic_folder.png
2020-07-27 17:50:56 +0000  copying file ./Contents/Resources/assets/app/assets/ic_object@3x.png ... 
2020-07-27 17:50:56 +0000  2260 bytes for ./Contents/Resources/assets/app/assets/ic_object@3x.png
2020-07-27 17:50:56 +0000  copying file ./Contents/Resources/assets/app/assets/ic_opacity@3x.png ... 
2020-07-27 17:50:56 +0000  2112 bytes for ./Contents/Resources/assets/app/assets/ic_opacity@3x.png
2020-07-27 17:50:56 +0000  copying file ./Contents/Resources/assets/app/assets/ic_animate@2x.png ... 
2020-07-27 17:50:56 +0000  843 bytes for ./Contents/Resources/assets/app/assets/ic_animate@2x.png
2020-07-27 17:50:56 +0000  copying file ./Contents/Resources/assets/app/assets/ic_api_put@3x.png ... 
2020-07-27 17:50:56 +0000  1467 bytes for ./Contents/Resources/assets/app/assets/ic_api_put@3x.png
2020-07-27 17:50:56 +0000  copying file ./Contents/Resources/assets/app/assets/ic_v_scroll@3x.png ... 
2020-07-27 17:50:56 +0000  1180 bytes for ./Contents/Resources/assets/app/assets/ic_v_scroll@3x.png
2020-07-27 17:50:56 +0000  copying file ./Contents/Resources/assets/app/assets/iPhone_4s@2x.png ... 
2020-07-27 17:50:56 +0000  2008 bytes for ./Contents/Resources/assets/app/assets/iPhone_4s@2x.png
2020-07-27 17:50:56 +0000  copying file ./Contents/Resources/assets/app/assets/ic_expand_arrow_down@2x.png ... 
2020-07-27 17:50:56 +0000  625 bytes for ./Contents/Resources/assets/app/assets/ic_expand_arrow_down@2x.png
2020-07-27 17:50:56 +0000  copying file ./Contents/Resources/assets/app/assets/ic_plus.png ... 
2020-07-27 17:50:56 +0000  317 bytes for ./Contents/Resources/assets/app/assets/ic_plus.png
2020-07-27 17:50:56 +0000  copying file ./Contents/Resources/assets/app/assets/ic_background.png ... 
2020-07-27 17:50:56 +0000  1705 bytes for ./Contents/Resources/assets/app/assets/ic_background.png
2020-07-27 17:50:56 +0000  copying file ./Contents/Resources/assets/app/assets/ic_borderradius.png ... 
2020-07-27 17:50:56 +0000  679 bytes for ./Contents/Resources/assets/app/assets/ic_borderradius.png
2020-07-27 17:50:56 +0000  copying file ./Contents/Resources/assets/app/assets/ic_height.png ... 
2020-07-27 17:50:56 +0000  444 bytes for ./Contents/Resources/assets/app/assets/ic_height.png
2020-07-27 17:50:56 +0000  copying file ./Contents/Resources/assets/app/assets/ic_lock.png ... 
2020-07-27 17:50:56 +0000  576 bytes for ./Contents/Resources/assets/app/assets/ic_lock.png
2020-07-27 17:50:56 +0000  copying file ./Contents/Resources/assets/app/assets/ic_color.png ... 
2020-07-27 17:50:56 +0000  491 bytes for ./Contents/Resources/assets/app/assets/ic_color.png
2020-07-27 17:50:56 +0000  copying file ./Contents/Resources/assets/app/assets/ic_delete.png ... 
2020-07-27 17:50:56 +0000  992 bytes for ./Contents/Resources/assets/app/assets/ic_delete.png
2020-07-27 17:50:56 +0000  copying file ./Contents/Resources/assets/app/assets/ic_pos_x.png ... 
2020-07-27 17:50:56 +0000  430 bytes for ./Contents/Resources/assets/app/assets/ic_pos_x.png
2020-07-27 17:50:56 +0000  copying file ./Contents/Resources/assets/app/assets/ic_expand_arrow_down@3x.png ... 
2020-07-27 17:50:56 +0000  854 bytes for ./Contents/Resources/assets/app/assets/ic_expand_arrow_down@3x.png
2020-07-27 17:50:56 +0000  copying file ./Contents/Resources/assets/app/assets/ic_v_scroll@2x.png ... 
2020-07-27 17:50:56 +0000  650 bytes for ./Contents/Resources/assets/app/assets/ic_v_scroll@2x.png
2020-07-27 17:50:56 +0000  copying file ./Contents/Resources/assets/app/assets/iPhone_4s@3x.png ... 
2020-07-27 17:50:56 +0000  4101 bytes for ./Contents/Resources/assets/app/assets/iPhone_4s@3x.png
2020-07-27 17:50:56 +0000  copying file ./Contents/Resources/assets/app/assets/ic_pos_y.png ... 
2020-07-27 17:50:56 +0000  320 bytes for ./Contents/Resources/assets/app/assets/ic_pos_y.png
2020-07-27 17:50:56 +0000  copying file ./Contents/Resources/assets/app/assets/ic_postman.png ... 
2020-07-27 17:50:56 +0000  644 bytes for ./Contents/Resources/assets/app/assets/ic_postman.png
2020-07-27 17:50:56 +0000  copying file ./Contents/Resources/assets/app/assets/ic_animate@3x.png ... 
2020-07-27 17:50:56 +0000  1258 bytes for ./Contents/Resources/assets/app/assets/ic_animate@3x.png
2020-07-27 17:50:56 +0000  copying file ./Contents/Resources/assets/app/assets/ic_api_put@2x.png ... 
2020-07-27 17:50:56 +0000  956 bytes for ./Contents/Resources/assets/app/assets/ic_api_put@2x.png
2020-07-27 17:50:56 +0000  copying file ./Contents/Resources/assets/app/assets/ic_object@2x.png ... 
2020-07-27 17:50:56 +0000  1399 bytes for ./Contents/Resources/assets/app/assets/ic_object@2x.png
2020-07-27 17:50:56 +0000  copying file ./Contents/Resources/assets/app/assets/ic_opacity@2x.png ... 
2020-07-27 17:50:56 +0000  1423 bytes for ./Contents/Resources/assets/app/assets/ic_opacity@2x.png
2020-07-27 17:50:56 +0000  copying file ./Contents/Resources/assets/app/assets/ic_background@2x.png ... 
2020-07-27 17:50:56 +0000  3965 bytes for ./Contents/Resources/assets/app/assets/ic_background@2x.png
2020-07-27 17:50:56 +0000  copying file ./Contents/Resources/assets/app/assets/ic_plus_document.png ... 
2020-07-27 17:50:56 +0000  359 bytes for ./Contents/Resources/assets/app/assets/ic_plus_document.png
2020-07-27 17:50:56 +0000  copying file ./Contents/Resources/assets/app/assets/ic_api_path@3x.png ... 
2020-07-27 17:50:56 +0000  1498 bytes for ./Contents/Resources/assets/app/assets/ic_api_path@3x.png
2020-07-27 17:50:56 +0000  copying file ./Contents/Resources/assets/app/assets/ic_plus_document@2x.png ... 
2020-07-27 17:50:56 +0000  533 bytes for ./Contents/Resources/assets/app/assets/ic_plus_document@2x.png
2020-07-27 17:50:56 +0000  copying file ./Contents/Resources/assets/app/assets/ic_delete@2x.png ... 
2020-07-27 17:50:56 +0000  1942 bytes for ./Contents/Resources/assets/app/assets/ic_delete@2x.png
2020-07-27 17:50:56 +0000  copying file ./Contents/Resources/assets/app/assets/ic_warning@2x.png ... 
2020-07-27 17:50:56 +0000  1821 bytes for ./Contents/Resources/assets/app/assets/ic_warning@2x.png
2020-07-27 17:50:56 +0000  copying file ./Contents/Resources/assets/app/assets/ic_api_post@2x.png ... 
2020-07-27 17:50:56 +0000  1382 bytes for ./Contents/Resources/assets/app/assets/ic_api_post@2x.png
2020-07-27 17:50:56 +0000  copying file ./Contents/Resources/assets/app/assets/ic_kotlin_file.png ... 
2020-07-27 17:50:56 +0000  1973 bytes for ./Contents/Resources/assets/app/assets/ic_kotlin_file.png
2020-07-27 17:50:56 +0000  copying file ./Contents/Resources/assets/app/assets/ic_time.png ... 
2020-07-27 17:50:56 +0000  867 bytes for ./Contents/Resources/assets/app/assets/ic_time.png
2020-07-27 17:50:56 +0000  copying file ./Contents/Resources/assets/app/assets/ic_package@3x.png ... 
2020-07-27 17:50:56 +0000  2802 bytes for ./Contents/Resources/assets/app/assets/ic_package@3x.png
2020-07-27 17:50:56 +0000  copying file ./Contents/Resources/assets/app/assets/ic_pos_y@3x.png ... 
2020-07-27 17:50:56 +0000  757 bytes for ./Contents/Resources/assets/app/assets/ic_pos_y@3x.png
2020-07-27 17:50:56 +0000  copying file ./Contents/Resources/assets/app/assets/iPhone_11_pro@2x.png ... 
2020-07-27 17:50:56 +0000  3377 bytes for ./Contents/Resources/assets/app/assets/iPhone_11_pro@2x.png
2020-07-27 17:50:56 +0000  copying file ./Contents/Resources/assets/app/assets/check_off.png ... 
2020-07-27 17:50:56 +0000  488 bytes for ./Contents/Resources/assets/app/assets/check_off.png
2020-07-27 17:50:56 +0000  copying file ./Contents/Resources/assets/app/assets/ic_plus@2x.png ... 
2020-07-27 17:50:56 +0000  516 bytes for ./Contents/Resources/assets/app/assets/ic_plus@2x.png
2020-07-27 17:50:56 +0000  copying file ./Contents/Resources/assets/app/assets/ic_xib_file.png ... 
2020-07-27 17:50:56 +0000  2326 bytes for ./Contents/Resources/assets/app/assets/ic_xib_file.png
2020-07-27 17:50:56 +0000  copying file ./Contents/Resources/assets/app/assets/ic_corners@3x.png ... 
2020-07-27 17:50:56 +0000  1212 bytes for ./Contents/Resources/assets/app/assets/ic_corners@3x.png
2020-07-27 17:50:56 +0000  copying file ./Contents/Resources/assets/app/assets/ic_scale@2x.png ... 
2020-07-27 17:50:56 +0000  922 bytes for ./Contents/Resources/assets/app/assets/ic_scale@2x.png
2020-07-27 17:50:56 +0000  copying file ./Contents/Resources/assets/app/assets/ic_expand_arrow.png ... 
2020-07-27 17:50:56 +0000  354 bytes for ./Contents/Resources/assets/app/assets/ic_expand_arrow.png
2020-07-27 17:50:56 +0000  copying file ./Contents/Resources/assets/app/assets/ic_magnifying_glass@3x.png ... 
2020-07-27 17:50:56 +0000  1730 bytes for ./Contents/Resources/assets/app/assets/ic_magnifying_glass@3x.png
2020-07-27 17:50:56 +0000  copying file ./Contents/Resources/assets/app/assets/ic_image@3x.png ... 
2020-07-27 17:50:56 +0000  1221 bytes for ./Contents/Resources/assets/app/assets/ic_image@3x.png
2020-07-27 17:50:56 +0000  copying file ./Contents/Resources/assets/app/assets/ic_folder@3x.png ... 
2020-07-27 17:50:56 +0000  1272 bytes for ./Contents/Resources/assets/app/assets/ic_folder@3x.png
2020-07-27 17:50:56 +0000  copying file ./Contents/Resources/assets/app/assets/ic_plugin.png ... 
2020-07-27 17:50:56 +0000  622 bytes for ./Contents/Resources/assets/app/assets/ic_plugin.png
2020-07-27 17:50:56 +0000  copying file ./Contents/Resources/assets/app/assets/ic_h_scroll.png ... 
2020-07-27 17:50:56 +0000  358 bytes for ./Contents/Resources/assets/app/assets/ic_h_scroll.png
2020-07-27 17:50:56 +0000  copying file ./Contents/Resources/assets/app/assets/iPhone_11.png ... 
2020-07-27 17:50:56 +0000  1425 bytes for ./Contents/Resources/assets/app/assets/iPhone_11.png
2020-07-27 17:50:56 +0000  copying file ./Contents/Resources/assets/app/assets/ic_api_delete.png ... 
2020-07-27 17:50:56 +0000  670 bytes for ./Contents/Resources/assets/app/assets/ic_api_delete.png
2020-07-27 17:50:56 +0000  copying file ./Contents/Resources/assets/app/assets/ic_empty_plugins@3x.png ... 
2020-07-27 17:50:56 +0000  43448 bytes for ./Contents/Resources/assets/app/assets/ic_empty_plugins@3x.png
2020-07-27 17:50:56 +0000  copying file ./Contents/Resources/assets/app/assets/iPhone_SE_2_gen.png ... 
2020-07-27 17:50:56 +0000  1128 bytes for ./Contents/Resources/assets/app/assets/iPhone_SE_2_gen.png
2020-07-27 17:50:56 +0000  copying file ./Contents/Resources/assets/app/assets/ic_text@2x.png ... 
2020-07-27 17:50:56 +0000  943 bytes for ./Contents/Resources/assets/app/assets/ic_text@2x.png
2020-07-27 17:50:56 +0000  copying file ./Contents/Resources/assets/app/assets/ic_color@3x.png ... 
2020-07-27 17:50:56 +0000  1156 bytes for ./Contents/Resources/assets/app/assets/ic_color@3x.png
2020-07-27 17:50:56 +0000  copying file ./Contents/Resources/assets/app/assets/ic_api_path.png ... 
2020-07-27 17:50:56 +0000  577 bytes for ./Contents/Resources/assets/app/assets/ic_api_path.png
2020-07-27 17:50:56 +0000  copying file ./Contents/Resources/assets/app/assets/ic_v_scroll.png ... 
2020-07-27 17:50:56 +0000  360 bytes for ./Contents/Resources/assets/app/assets/ic_v_scroll.png
2020-07-27 17:50:56 +0000  copying file ./Contents/Resources/assets/app/assets/iPhone_11_pro_max.png ... 
2020-07-27 17:50:56 +0000  1504 bytes for ./Contents/Resources/assets/app/assets/iPhone_11_pro_max.png
copying file ./Contents/Resources/assets/app/assets/ic_color@2x.png ... 
2020-07-27 17:50:56 +0000  815 bytes for ./Contents/Resources/assets/app/assets/ic_color@2x.png
2020-07-27 17:50:56 +0000  copying file ./Contents/Resources/assets/app/assets/ic_settings.png ... 
2020-07-27 17:50:56 +0000  4085 bytes for ./Contents/Resources/assets/app/assets/ic_settings.png
2020-07-27 17:50:56 +0000  copying file ./Contents/Resources/assets/app/assets/ic_text@3x.png ... 
2020-07-27 17:50:56 +0000  1402 bytes for ./Contents/Resources/assets/app/assets/ic_text@3x.png
2020-07-27 17:50:56 +0000  copying file ./Contents/Resources/assets/app/assets/ic_text.png ... 
2020-07-27 17:50:56 +0000  487 bytes for ./Contents/Resources/assets/app/assets/ic_text.png
2020-07-27 17:50:56 +0000  copying file ./Contents/Resources/assets/app/assets/ic_empty_plugins@2x.png ... 
2020-07-27 17:50:56 +0000  26596 bytes for ./Contents/Resources/assets/app/assets/ic_empty_plugins@2x.png
2020-07-27 17:50:56 +0000  copying file ./Contents/Resources/assets/app/assets/ic_folder@2x.png ... 
2020-07-27 17:50:56 +0000  840 bytes for ./Contents/Resources/assets/app/assets/ic_folder@2x.png
2020-07-27 17:50:56 +0000  copying file ./Contents/Resources/assets/app/assets/ic_image@2x.png ... 
2020-07-27 17:50:56 +0000  831 bytes for ./Contents/Resources/assets/app/assets/ic_image@2x.png
2020-07-27 17:50:56 +0000  copying file ./Contents/Resources/assets/app/assets/ic_play.png ... 
2020-07-27 17:50:56 +0000  672 bytes for ./Contents/Resources/assets/app/assets/ic_play.png
2020-07-27 17:50:56 +0000  copying file ./Contents/Resources/assets/app/assets/ic_magnifying_glass@2x.png ... 
2020-07-27 17:50:56 +0000  1156 bytes for ./Contents/Resources/assets/app/assets/ic_magnifying_glass@2x.png
2020-07-27 17:50:56 +0000  copying file ./Contents/Resources/assets/app/assets/ic_swift_file.png ... 
2020-07-27 17:50:56 +0000  2092 bytes for ./Contents/Resources/assets/app/assets/ic_swift_file.png
2020-07-27 17:50:56 +0000  copying file ./Contents/Resources/assets/app/assets/ic_scale@3x.png ... 
2020-07-27 17:50:56 +0000  1382 bytes for ./Contents/Resources/assets/app/assets/ic_scale@3x.png
2020-07-27 17:50:56 +0000  copying file ./Contents/Resources/assets/app/assets/ic_corners@2x.png ... 
2020-07-27 17:50:56 +0000  854 bytes for ./Contents/Resources/assets/app/assets/ic_corners@2x.png
2020-07-27 17:50:56 +0000  copying file ./Contents/Resources/assets/app/assets/ic_plus@3x.png ... 
2020-07-27 17:50:56 +0000  884 bytes for ./Contents/Resources/assets/app/assets/ic_plus@3x.png
2020-07-27 17:50:56 +0000  copying file ./Contents/Resources/assets/app/assets/ic_layers.png ... 
2020-07-27 17:50:56 +0000  2623 bytes for ./Contents/Resources/assets/app/assets/ic_layers.png
2020-07-27 17:50:56 +0000  copying file ./Contents/Resources/assets/app/assets/iPhone_SE_1_gen.png ... 
2020-07-27 17:50:56 +0000  1015 bytes for ./Contents/Resources/assets/app/assets/iPhone_SE_1_gen.png
2020-07-27 17:50:56 +0000  copying file ./Contents/Resources/assets/app/assets/ic_scale.png ... 
2020-07-27 17:50:56 +0000  475 bytes for ./Contents/Resources/assets/app/assets/ic_scale.png
2020-07-27 17:50:56 +0000  copying file ./Contents/Resources/assets/app/assets/ic_kotlin_file@2x.png ... 
2020-07-27 17:50:56 +0000  5186 bytes for ./Contents/Resources/assets/app/assets/ic_kotlin_file@2x.png
2020-07-27 17:50:56 +0000  copying file ./Contents/Resources/assets/app/assets/ic_animate.png ... 
2020-07-27 17:50:56 +0000  445 bytes for ./Contents/Resources/assets/app/assets/ic_animate.png
2020-07-27 17:50:56 +0000  copying file ./Contents/Resources/assets/app/assets/ic_width@3x.png ... 
2020-07-27 17:50:56 +0000  1243 bytes for ./Contents/Resources/assets/app/assets/ic_width@3x.png
2020-07-27 17:50:56 +0000  copying file ./Contents/Resources/assets/app/assets/check_on_disabled@2x.png ... 
2020-07-27 17:50:56 +0000  1777 bytes for ./Contents/Resources/assets/app/assets/check_on_disabled@2x.png
2020-07-27 17:50:56 +0000  copying file ./Contents/Resources/assets/app/assets/iPhone_8_plus@3x.png ... 
2020-07-27 17:50:56 +0000  6644 bytes for ./Contents/Resources/assets/app/assets/iPhone_8_plus@3x.png
2020-07-27 17:50:56 +0000  copying file ./Contents/Resources/assets/app/assets/ic_expand_arrow@3x.png ... 
2020-07-27 17:50:56 +0000  798 bytes for ./Contents/Resources/assets/app/assets/ic_expand_arrow@3x.png
2020-07-27 17:50:56 +0000  copying file ./Contents/Resources/assets/app/assets/ic_phone_size.png ... 
2020-07-27 17:50:56 +0000  912 bytes for ./Contents/Resources/assets/app/assets/ic_phone_size.png
2020-07-27 17:50:56 +0000  copying file ./Contents/Resources/assets/app/assets/ic_api_post.png ... 
2020-07-27 17:50:56 +0000  710 bytes for ./Contents/Resources/assets/app/assets/ic_api_post.png
2020-07-27 17:50:56 +0000  copying file ./Contents/Resources/assets/app/assets/ic_new_document@2x.png ... 
2020-07-27 17:50:56 +0000  16203 bytes for ./Contents/Resources/assets/app/assets/ic_new_document@2x.png
2020-07-27 17:50:56 +0000  copying file ./Contents/Resources/assets/app/assets/ic_settings@2x.png ... 
2020-07-27 17:50:56 +0000  10168 bytes for ./Contents/Resources/assets/app/assets/ic_settings@2x.png
2020-07-27 17:50:56 +0000  copying file ./Contents/Resources/assets/app/assets/ic_design.png ... 
2020-07-27 17:50:56 +0000  3556 bytes for ./Contents/Resources/assets/app/assets/ic_design.png
2020-07-27 17:50:56 +0000  copying file ./Contents/Resources/assets/app/assets/iPhone_11@2x.png ... 
2020-07-27 17:50:56 +0000  3397 bytes for ./Contents/Resources/assets/app/assets/iPhone_11@2x.png
2020-07-27 17:50:56 +0000  copying file ./Contents/Resources/assets/app/assets/ic_warning.png ... 
2020-07-27 17:50:56 +0000  947 bytes for ./Contents/Resources/assets/app/assets/ic_warning.png
2020-07-27 17:50:56 +0000  copying file ./Contents/Resources/assets/app/assets/ic_layers@2x.png ... 
2020-07-27 17:50:56 +0000  5335 bytes for ./Contents/Resources/assets/app/assets/ic_layers@2x.png
2020-07-27 17:50:56 +0000  copying file ./Contents/Resources/assets/app/assets/check_on@2x.png ... 
2020-07-27 17:50:56 +0000  2069 bytes for ./Contents/Resources/assets/app/assets/check_on@2x.png
copying file ./Contents/Resources/assets/app/assets/ic_play@3x.png ... 
2020-07-27 17:50:56 +0000  2625 bytes for ./Contents/Resources/assets/app/assets/ic_play@3x.png
2020-07-27 17:50:56 +0000  copying file ./Contents/Resources/assets/app/assets/ic_height@3x.png ... 
2020-07-27 17:50:56 +0000  1073 bytes for ./Contents/Resources/assets/app/assets/ic_height@3x.png
2020-07-27 17:50:56 +0000  copying file ./Contents/Resources/assets/app/assets/ic_lock@2x.png ... 
2020-07-27 17:50:56 +0000  1049 bytes for ./Contents/Resources/assets/app/assets/ic_lock@2x.png
2020-07-27 17:50:56 +0000  copying file ./Contents/Resources/assets/app/assets/ic_swift_file@2x.png ... 
2020-07-27 17:50:56 +0000  5137 bytes for ./Contents/Resources/assets/app/assets/ic_swift_file@2x.png
copying file ./Contents/Resources/assets/app/assets/iPhone_8_plus.png ... 
2020-07-27 17:50:56 +0000  1420 bytes for ./Contents/Resources/assets/app/assets/iPhone_8_plus.png
2020-07-27 17:50:56 +0000  copying file ./Contents/Resources/assets/app/assets/ic_new_document.png ... 
2020-07-27 17:50:56 +0000  8690 bytes for ./Contents/Resources/assets/app/assets/ic_new_document.png
2020-07-27 17:50:56 +0000  copying file ./Contents/Resources/assets/app/assets/ic_view@3x.png ... 
2020-07-27 17:50:56 +0000  1086 bytes for ./Contents/Resources/assets/app/assets/ic_view@3x.png
2020-07-27 17:50:56 +0000  copying file ./Contents/Resources/assets/app/assets/ic_empty_file@3x.png ... 
2020-07-27 17:50:56 +0000  3291 bytes for ./Contents/Resources/assets/app/assets/ic_empty_file@3x.png
2020-07-27 17:50:56 +0000  copying file ./Contents/Resources/assets/app/assets/slider_track@3x.png ... 
2020-07-27 17:50:56 +0000  3206 bytes for ./Contents/Resources/assets/app/assets/slider_track@3x.png
2020-07-27 17:50:56 +0000  copying file ./Contents/Resources/assets/app/assets/iPhone_SE_1_gen@3x.png ... 
2020-07-27 17:50:56 +0000  4418 bytes for ./Contents/Resources/assets/app/assets/iPhone_SE_1_gen@3x.png
2020-07-27 17:50:56 +0000  copying file ./Contents/Resources/assets/app/assets/ic_h_scroll@3x.png ... 
2020-07-27 17:50:56 +0000  1131 bytes for ./Contents/Resources/assets/app/assets/ic_h_scroll@3x.png
2020-07-27 17:50:56 +0000  copying file ./Contents/Resources/assets/app/assets/ic_frame@2x.png ... 
2020-07-27 17:50:56 +0000  955 bytes for ./Contents/Resources/assets/app/assets/ic_frame@2x.png
2020-07-27 17:50:56 +0000  copying file ./Contents/Resources/assets/app/assets/ic_code@3x.png ... 
2020-07-27 17:50:56 +0000  2518 bytes for ./Contents/Resources/assets/app/assets/ic_code@3x.png
copying file ./Contents/Resources/assets/app/assets/ic_pos_x@2x.png ... 
2020-07-27 17:50:56 +0000  678 bytes for ./Contents/Resources/assets/app/assets/ic_pos_x@2x.png
2020-07-27 17:50:56 +0000  copying file ./Contents/Resources/assets/app/assets/ic_pos_x@3x.png ... 
2020-07-27 17:50:56 +0000  1061 bytes for ./Contents/Resources/assets/app/assets/ic_pos_x@3x.png
2020-07-27 17:50:56 +0000  copying file ./Contents/Resources/assets/app/assets/ic_code@2x.png ... 
2020-07-27 17:50:56 +0000  1635 bytes for ./Contents/Resources/assets/app/assets/ic_code@2x.png
2020-07-27 17:50:56 +0000  copying file ./Contents/Resources/assets/app/assets/ic_frame@3x.png ... 
2020-07-27 17:50:56 +0000  1352 bytes for ./Contents/Resources/assets/app/assets/ic_frame@3x.png
2020-07-27 17:50:56 +0000  copying file ./Contents/Resources/assets/app/assets/iPhone_SE_1_gen@2x.png ... 
2020-07-27 17:50:56 +0000  2455 bytes for ./Contents/Resources/assets/app/assets/iPhone_SE_1_gen@2x.png
2020-07-27 17:50:56 +0000  copying file ./Contents/Resources/assets/app/assets/ic_h_scroll@2x.png ... 
2020-07-27 17:50:56 +0000  645 bytes for ./Contents/Resources/assets/app/assets/ic_h_scroll@2x.png
2020-07-27 17:50:56 +0000  copying file ./Contents/Resources/assets/app/assets/ic_width.png ... 
2020-07-27 17:50:56 +0000  511 bytes for ./Contents/Resources/assets/app/assets/ic_width.png
2020-07-27 17:50:56 +0000  copying file ./Contents/Resources/assets/app/assets/ic_xml_file.png ... 
2020-07-27 17:50:56 +0000  1875 bytes for ./Contents/Resources/assets/app/assets/ic_xml_file.png
2020-07-27 17:50:56 +0000  copying file ./Contents/Resources/assets/app/assets/iPhone_11_pro.png ... 
2020-07-27 17:50:56 +0000  1423 bytes for ./Contents/Resources/assets/app/assets/iPhone_11_pro.png
2020-07-27 17:50:56 +0000  copying file ./Contents/Resources/assets/app/assets/slider_track@2x.png ... 
2020-07-27 17:50:56 +0000  1890 bytes for ./Contents/Resources/assets/app/assets/slider_track@2x.png
2020-07-27 17:50:56 +0000  copying file ./Contents/Resources/assets/app/assets/ic_empty_file@2x.png ... 
2020-07-27 17:50:56 +0000  1833 bytes for ./Contents/Resources/assets/app/assets/ic_empty_file@2x.png
2020-07-27 17:50:56 +0000  copying file ./Contents/Resources/assets/app/assets/ic_view@2x.png ... 
2020-07-27 17:50:56 +0000  691 bytes for ./Contents/Resources/assets/app/assets/ic_view@2x.png
2020-07-27 17:50:56 +0000  copying file ./Contents/Resources/assets/app/assets/ic_lock@3x.png ... 
2020-07-27 17:50:56 +0000  1567 bytes for ./Contents/Resources/assets/app/assets/ic_lock@3x.png
2020-07-27 17:50:56 +0000  copying file ./Contents/Resources/assets/app/assets/ic_swift_file@3x.png ... 
2020-07-27 17:50:56 +0000  9113 bytes for ./Contents/Resources/assets/app/assets/ic_swift_file@3x.png
2020-07-27 17:50:56 +0000  copying file ./Contents/Resources/assets/app/assets/check_on@3x.png ... 
2020-07-27 17:50:56 +0000  3180 bytes for ./Contents/Resources/assets/app/assets/check_on@3x.png
2020-07-27 17:50:56 +0000  copying file ./Contents/Resources/assets/app/assets/ic_play@2x.png ... 
2020-07-27 17:50:56 +0000  1578 bytes for ./Contents/Resources/assets/app/assets/ic_play@2x.png
2020-07-27 17:50:56 +0000  copying file ./Contents/Resources/assets/app/assets/ic_height@2x.png ... 
2020-07-27 17:50:56 +0000  708 bytes for ./Contents/Resources/assets/app/assets/ic_height@2x.png
2020-07-27 17:50:56 +0000  copying file ./Contents/Resources/assets/app/assets/ic_layers@3x.png ... 
2020-07-27 17:50:56 +0000  8386 bytes for ./Contents/Resources/assets/app/assets/ic_layers@3x.png
2020-07-27 17:50:56 +0000  copying file ./Contents/Resources/assets/app/assets/ic_package.png ... 
2020-07-27 17:50:56 +0000  874 bytes for ./Contents/Resources/assets/app/assets/ic_package.png
2020-07-27 17:50:56 +0000  copying file ./Contents/Resources/assets/app/assets/iPhone_11@3x.png ... 
2020-07-27 17:50:56 +0000  6540 bytes for ./Contents/Resources/assets/app/assets/iPhone_11@3x.png
2020-07-27 17:50:56 +0000  copying file ./Contents/Resources/assets/app/assets/codify_1024.png ... 
2020-07-27 17:50:56 +0000  205177 bytes for ./Contents/Resources/assets/app/assets/codify_1024.png
2020-07-27 17:50:56 +0000  copying file ./Contents/Resources/assets/app/assets/ic_magnifying_glass.png ... 
2020-07-27 17:50:56 +0000  620 bytes for ./Contents/Resources/assets/app/assets/ic_magnifying_glass.png
2020-07-27 17:50:56 +0000  copying file ./Contents/Resources/assets/app/assets/ic_settings@3x.png ... 
2020-07-27 17:50:56 +0000  16852 bytes for ./Contents/Resources/assets/app/assets/ic_settings@3x.png
2020-07-27 17:50:56 +0000  copying file ./Contents/Resources/assets/app/assets/ic_view.png ... 
2020-07-27 17:50:56 +0000  373 bytes for ./Contents/Resources/assets/app/assets/ic_view.png
2020-07-27 17:50:56 +0000  copying file ./Contents/Resources/assets/app/assets/ic_new_document@3x.png ... 
2020-07-27 17:50:56 +0000  23331 bytes for ./Contents/Resources/assets/app/assets/ic_new_document@3x.png
2020-07-27 17:50:56 +0000  copying file ./Contents/Resources/assets/app/assets/ic_expand_arrow@2x.png ... 
2020-07-27 17:50:56 +0000  581 bytes for ./Contents/Resources/assets/app/assets/ic_expand_arrow@2x.png
2020-07-27 17:50:56 +0000  copying file ./Contents/Resources/assets/app/assets/iPhone_8_plus@2x.png ... 
2020-07-27 17:50:56 +0000  3393 bytes for ./Contents/Resources/assets/app/assets/iPhone_8_plus@2x.png
2020-07-27 17:50:56 +0000  copying file ./Contents/Resources/assets/app/assets/check_on_disabled@3x.png ... 
2020-07-27 17:50:56 +0000  2743 bytes for ./Contents/Resources/assets/app/assets/check_on_disabled@3x.png
2020-07-27 17:50:56 +0000  copying file ./Contents/Resources/assets/app/assets/ic_width@2x.png ... 
2020-07-27 17:50:56 +0000  905 bytes for ./Contents/Resources/assets/app/assets/ic_width@2x.png
2020-07-27 17:50:56 +0000  copying file ./Contents/Resources/assets/app/assets/ic_kotlin_file@3x.png ... 
2020-07-27 17:50:56 +0000  9852 bytes for ./Contents/Resources/assets/app/assets/ic_kotlin_file@3x.png
2020-07-27 17:50:56 +0000  copying file ./Contents/Resources/assets/app/assets/check_on.png ... 
2020-07-27 17:50:56 +0000  1044 bytes for ./Contents/Resources/assets/app/assets/check_on.png
2020-07-27 17:50:56 +0000  copying file ./Contents/Resources/assets/app.json ... 
2020-07-27 17:50:56 +0000  49 bytes for ./Contents/Resources/assets/app.json
2020-07-27 17:50:56 +0000  copying file ./Contents/Resources/assets/node_modules/@react-navigation/stack/src/views/assets/back-icon@3x.png ... 
2020-07-27 17:50:56 +0000  761 bytes for ./Contents/Resources/assets/node_modules/@react-navigation/stack/src/views/assets/back-icon@3x.png
2020-07-27 17:50:56 +0000  copying file ./Contents/Resources/assets/node_modules/@react-navigation/stack/src/views/assets/back-icon@2x.png ... 
2020-07-27 17:50:56 +0000  405 bytes for ./Contents/Resources/assets/node_modules/@react-navigation/stack/src/views/assets/back-icon@2x.png
2020-07-27 17:50:56 +0000  copying file ./Contents/Resources/assets/node_modules/@react-navigation/stack/src/views/assets/back-icon.png ... 
2020-07-27 17:50:56 +0000  290 bytes for ./Contents/Resources/assets/node_modules/@react-navigation/stack/src/views/assets/back-icon.png
2020-07-27 17:50:56 +0000  copying file ./Contents/Resources/assets/node_modules/@react-navigation/stack/src/views/assets/back-icon-mask.png ... 
2020-07-27 17:50:56 +0000  913 bytes for ./Contents/Resources/assets/node_modules/@react-navigation/stack/src/views/assets/back-icon-mask.png
2020-07-27 17:50:56 +0000  copying file ./Contents/Info.plist ... 
2020-07-27 17:50:56 +0000  2850 bytes for ./Contents/Info.plist
2020-07-27 17:50:56 +0000  copying file ./Contents/PkgInfo ... 
2020-07-27 17:50:56 +0000  8 bytes for ./Contents/PkgInfo
2020-07-27 17:50:56 +0000  /usr/bin/ditto exited with 0
2020-07-27 17:50:56 +0000  Processing step: IDEDistributionEmbedProfileStep
2020-07-27 17:50:56 +0000  Skipping profile for item: <IDEDistributionItem: 0x7f84c38cd770; bundleID='bci.com', path='<DVTFilePath:0x7f84d74c3170:'/Users/jorgeacosta/Library/Developer/Xcode/Archives/2020-07-27/Codify 27-07-20 13.49.xcarchive/Products/Applications/Codify.app'>', codeSigningInfo='<_DVTCodeSigningInformation_Path: 0x7f84d773c4c0; isSigned='1', isAdHocSigned='0', signingCertificate='<DVTSigningCertificate: 0x7f84dec32210; name='Apple Development: Federico Mazzini (JXQ4RXHP6X)', hash='BDFD2F8D76B93654E37AD4204595532AFDF17794', serialNumber='341EA5A7BDB299AB', certificateKinds='(
    "1.2.840.113635.100.6.1.12",
    "1.2.840.113635.100.6.1.2"
), issueDate='2020-03-09 18:02:58 +0000''>', entitlements='{
    "com.apple.security.cs.disable-library-validation" = 1;
}', teamID='2E2EMRJ7QY', identifier='bci.com', executablePath='<DVTFilePath:0x7f84def88c90:'/Users/jorgeacosta/Library/Developer/Xcode/Archives/2020-07-27/Codify 27-07-20 13.49.xcarchive/Products/Applications/Codify.app/Contents/MacOS/Codify'>', hardenedRuntime='1'>'>
2020-07-27 17:50:56 +0000  Processing step: IDEDistributionInfoPlistStep
2020-07-27 17:50:56 +0000  Skipping step: IDEDistributionInfoPlistStep because it said so
2020-07-27 17:50:56 +0000  Processing step: IDEDistributionAppThinningPlistStep
2020-07-27 17:50:56 +0000  Processing step: IDEDistributionCompileBitcodeStep
2020-07-27 17:50:56 +0000  Skipping step: IDEDistributionCompileBitcodeStep because it said so
2020-07-27 17:50:56 +0000  Processing step: IDEDistributionCodeSlimmingStep
2020-07-27 17:50:56 +0000  Processing step: IDEDistributionCopyBCSymbolMapsStep
2020-07-27 17:50:56 +0000  Skipping step: IDEDistributionCopyBCSymbolMapsStep because it said so
2020-07-27 17:50:56 +0000  Processing step: IDEDistributionSymbolsStep
2020-07-27 17:50:56 +0000  Skipping step: IDEDistributionSymbolsStep because it said so
2020-07-27 17:50:56 +0000  Processing step: IDEDistributionAppThinningStep
2020-07-27 17:50:56 +0000  Skipping step: IDEDistributionAppThinningStep because it said so
2020-07-27 17:50:56 +0000  Processing step: IDEDistributionArchThinningStep
2020-07-27 17:50:56 +0000  Running /Applications/Xcode.app/Contents/Developer/Toolchains/XcodeDefault.xctoolchain/usr/bin/lipo '/var/folders/cd/hglx61cx75n6ff1bdbjd90qr0000gn/T/XcodeDistPipeline.~~~NkYzJ8/Root/Applications/Codify.app/Contents/MacOS/Codify' '-verify_arch' 'arm64e'
2020-07-27 17:50:56 +0000  /Applications/Xcode.app/Contents/Developer/Toolchains/XcodeDefault.xctoolchain/usr/bin/lipo exited with 1
2020-07-27 17:50:56 +0000  Skipping architecture thinning for item "Codify" because arch "arm64e" wasn't found
2020-07-27 17:50:56 +0000  Processing step: IDEDistributionODRStep
2020-07-27 17:50:56 +0000  Processing step: IDEDistributionStripXattrsStep
2020-07-27 17:50:56 +0000  Running /usr/bin/xattr '-crs' '/var/folders/cd/hglx61cx75n6ff1bdbjd90qr0000gn/T/XcodeDistPipeline.~~~NkYzJ8/Root/Applications/Codify.app'
2020-07-27 17:50:57 +0000  /usr/bin/xattr exited with 0
2020-07-27 17:50:57 +0000  Processing step: IDEDistributionCodesignStep
2020-07-27 17:50:57 +0000  Entitlements for <IDEDistributionItem: 0x7f84c38cd770; bundleID='bci.com', path='<DVTFilePath:0x7f84d74c3170:'/Users/jorgeacosta/Library/Developer/Xcode/Archives/2020-07-27/Codify 27-07-20 13.49.xcarchive/Products/Applications/Codify.app'>', codeSigningInfo='<_DVTCodeSigningInformation_Path: 0x7f84d773c4c0; isSigned='1', isAdHocSigned='0', signingCertificate='<DVTSigningCertificate: 0x7f84d7e04d10; name='Apple Development: Federico Mazzini (JXQ4RXHP6X)', hash='BDFD2F8D76B93654E37AD4204595532AFDF17794', serialNumber='341EA5A7BDB299AB', certificateKinds='(
    "1.2.840.113635.100.6.1.12",
    "1.2.840.113635.100.6.1.2"
), issueDate='2020-03-09 18:02:58 +0000''>', entitlements='{
    "com.apple.security.cs.disable-library-validation" = 1;
}', teamID='2E2EMRJ7QY', identifier='bci.com', executablePath='<DVTFilePath:0x7f84def88c90:'/Users/jorgeacosta/Library/Developer/Xcode/Archives/2020-07-27/Codify 27-07-20 13.49.xcarchive/Products/Applications/Codify.app/Contents/MacOS/Codify'>', hardenedRuntime='1'>'>: {
    "com.apple.security.cs.disable-library-validation" = 1;
}
2020-07-27 17:50:57 +0000  Writing entitlements for <IDEDistributionItem: 0x7f84c38cd770; bundleID='bci.com', path='<DVTFilePath:0x7f84d74c3170:'/Users/jorgeacosta/Library/Developer/Xcode/Archives/2020-07-27/Codify 27-07-20 13.49.xcarchive/Products/Applications/Codify.app'>', codeSigningInfo='<_DVTCodeSigningInformation_Path: 0x7f84d773c4c0; isSigned='1', isAdHocSigned='0', signingCertificate='<DVTSigningCertificate: 0x7f84d8554e90; name='Apple Development: Federico Mazzini (JXQ4RXHP6X)', hash='BDFD2F8D76B93654E37AD4204595532AFDF17794', serialNumber='341EA5A7BDB299AB', certificateKinds='(
    "1.2.840.113635.100.6.1.12",
    "1.2.840.113635.100.6.1.2"
), issueDate='2020-03-09 18:02:58 +0000''>', entitlements='{
    "com.apple.security.cs.disable-library-validation" = 1;
}', teamID='2E2EMRJ7QY', identifier='bci.com', executablePath='<DVTFilePath:0x7f84def88c90:'/Users/jorgeacosta/Library/Developer/Xcode/Archives/2020-07-27/Codify 27-07-20 13.49.xcarchive/Products/Applications/Codify.app/Contents/MacOS/Codify'>', hardenedRuntime='1'>'> to: /var/folders/cd/hglx61cx75n6ff1bdbjd90qr0000gn/T/XcodeDistPipeline.~~~NkYzJ8/entitlements~~~FAon8j
2020-07-27 17:50:57 +0000  Running /usr/bin/codesign '-vvv' '--force' '--sign' 'BDFD2F8D76B93654E37AD4204595532AFDF17794' '--entitlements' '/var/folders/cd/hglx61cx75n6ff1bdbjd90qr0000gn/T/XcodeDistPipeline.~~~NkYzJ8/entitlements~~~FAon8j' '--preserve-metadata=identifier,flags,runtime' '/var/folders/cd/hglx61cx75n6ff1bdbjd90qr0000gn/T/XcodeDistPipeline.~~~NkYzJ8/Root/Applications/Codify.app'
2020-07-27 17:50:57 +0000  /var/folders/cd/hglx61cx75n6ff1bdbjd90qr0000gn/T/XcodeDistPipeline.~~~NkYzJ8/Root/Applications/Codify.app: replacing existing signature
2020-07-27 17:50:57 +0000  /var/folders/cd/hglx61cx75n6ff1bdbjd90qr0000gn/T/XcodeDistPipeline.~~~NkYzJ8/Root/Applications/Codify.app: signed app bundle with Mach-O thin (x86_64) [bci.com]
2020-07-27 17:50:57 +0000  /usr/bin/codesign exited with 0
2020-07-27 17:50:57 +0000  Processing step: IDEDistributionZipODRItemStep
2020-07-27 17:50:57 +0000  Skipping step: IDEDistributionZipODRItemStep because it said so
2020-07-27 17:50:57 +0000  Processing step: IDEDistributionSkipPackagingStep
2020-07-27 17:50:57 +0000  Processing step: IDEDistributionAppStoreInformationStep
2020-07-27 17:50:57 +0000  Skipping step: IDEDistributionAppStoreInformationStep because it said so
2020-07-27 17:50:57 +0000  Processing step: IDEDistributionGenerateProcessedDistributionItems
2020-07-27 17:50:57 +0000  Processing step: IDEDistributionCreateManifestStep
2020-07-27 17:50:57 +0000  Skipping step: IDEDistributionCreateManifestStep because it said so
